<?xml version="1.0" encoding="UTF-8"?>
<!-- Generated by org.testng.reporters.JUnitReportReporter -->
<testsuite skipped="0" hostname="LAPTOP-S1M5SLT4" name="Scenarios.Scenario3" tests="1" failures="0" timestamp="07 Feb 2020 18:09:57 GMT" time="0.036" errors="0">
  <testcase name="verifyAppSource" time="0.036" classname="Scenarios.Scenario3"/>
</testsuite> <!-- Scenarios.Scenario3 -->
