<?xml version="1.0" encoding="UTF-8"?>
<!-- Generated by org.testng.reporters.JUnitReportReporter -->
<testsuite skipped="0" hostname="LAPTOP-S1M5SLT4" name="TestCases.Scenario1" tests="1" failures="0" timestamp="07 Feb 2020 18:09:57 GMT" time="0.019" errors="0">
  <testcase name="verifyAppTitle" time="0.019" classname="TestCases.Scenario1"/>
</testsuite> <!-- TestCases.Scenario1 -->
